<?xml version="1.0" encoding="UTF-8"?>
<testsuite xmlns:xsi="http://www.w3.org/2001/XMLSchema-instance" xsi:noNamespaceSchemaLocation="https://maven.apache.org/surefire/maven-surefire-plugin/xsd/surefire-test-report.xsd" name="BankAccountTimeOutTest" time="0.529" tests="2" errors="0" skipped="0" failures="0">
  <properties>
[...]
</properties>
  <testcase name="testDepositTimeoutAssertion{BankAccount}" classname="BankAccountTimeOutTest" time="0.312"/>
  <testcase name="testDepositTimeoutAnnotation{BankAccount}" classname="BankAccountTimeOutTest" time="0.217"/>
</testsuite>